This file contains any messages produced by compilers while
running configure, to aid debugging if configure makes a mistake.

It was created by mankind configure 1.0, which was
generated by GNU Autoconf 2.69.  Invocation command line was

  $ ./configure 

## --------- ##
## Platform. ##
## --------- ##

hostname = Komputer-Emila
uname -m = x86_64
uname -r = 4.19.95
uname -s = Linux
uname -v = #1-NixOS SMP Sun Jan 12 11:17:30 UTC 2020

/usr/bin/uname -p = unknown
/bin/uname -X     = unknown

/bin/arch              = unknown
/usr/bin/arch -k       = unknown
/usr/convex/getsysinfo = unknown
/usr/bin/hostinfo      = unknown
/bin/machine           = unknown
/usr/bin/oslevel       = unknown
/bin/universe          = unknown

PATH: /nix/store/lb3hli8d9536g45mndwfwyi6fpny0blh-bash-interactive-4.4-p23/bin
PATH: /nix/store/2xwxj5qrrc71asdk1wyq19nz9k845pzs-patchelf-0.9/bin
PATH: /nix/store/291ldi6fqsbmkbvbs8is4mcg3jb64ld4-gcc-wrapper-8.3.0/bin
PATH: /nix/store/62x7m20m7lm8y8s17cbgha0sf3cmma19-gcc-8.3.0/bin
PATH: /nix/store/hblpx8x5w88igmwa4ydnsnb65s363lji-glibc-2.27-bin/bin
PATH: /nix/store/9v78r3afqy9xn9zwdj9wfys6sk3vc01d-coreutils-8.31/bin
PATH: /nix/store/gwwycf3w6cbj0gd2mpgblrdjc24f3cys-binutils-wrapper-2.31.1/bin
PATH: /nix/store/ajrrkivdfvp8dp4vdg5hp1h5hblmanc9-binutils-2.31.1/bin
PATH: /nix/store/hblpx8x5w88igmwa4ydnsnb65s363lji-glibc-2.27-bin/bin
PATH: /nix/store/9v78r3afqy9xn9zwdj9wfys6sk3vc01d-coreutils-8.31/bin
PATH: /nix/store/dff9gdmszcqrmnbikvzzx5x0v85a1q28-git-2.23.1/bin
PATH: /nix/store/f4c8dgpgsy3bqwgnr6jdc1qbkklg0p66-astyle-3.1/bin
PATH: /nix/store/kkap7p1mqymf9qd44ydbjlqw5by4s7dz-autoconf-2.69/bin
PATH: /nix/store/9caxfwks0fqzv09hk1h7zbw87sk5kmhk-automake-1.16.1/bin
PATH: /nix/store/r9zdvn0srvnfs4dfy3r6kzq5378ylh6b-gnum4-1.4.18/bin
PATH: /nix/store/q9g7sjgicn2hl64c21c8w4h5c0sxjb0w-perl-5.30.0/bin
PATH: /nix/store/39cdzh05fzi13f06pa0rly3d5l53vsfk-pkg-config-0.29.2/bin
PATH: /nix/store/9v78r3afqy9xn9zwdj9wfys6sk3vc01d-coreutils-8.31/bin
PATH: /nix/store/0zdsw4qdrwi41mfdwqpxknsvk9fz3gkb-findutils-4.7.0/bin
PATH: /nix/store/dys98skw6ifw5qsqrhjxjjiydyfbg3nq-diffutils-3.7/bin
PATH: /nix/store/g2h4491kab7l06v9rf1lnyjvzdwy5ak0-gnused-4.7/bin
PATH: /nix/store/71y5ddyz8vmsw9wgi3gzifcls53r60i9-gnugrep-3.3/bin
PATH: /nix/store/84yafwjc6sga23vwsbahhymikjhfbnw4-gawk-5.0.1/bin
PATH: /nix/store/aawf0q16ql39w2gwv52qyjfzgbg5f22r-gnutar-1.32/bin
PATH: /nix/store/afyqk8219zfv5and3pqahzvn6bpmx3dq-gzip-1.10/bin
PATH: /nix/store/iws7dm1jij4lv09mbpwf9i8lc1d4b798-bzip2-1.0.6.0.1-bin/bin
PATH: /nix/store/j8fq1ksp37w88rx80blzazldi17f3x7s-gnumake-4.2.1/bin
PATH: /nix/store/rm1hz1lybxangc8sdl7xvzs5dcvigvf7-bash-4.4-p23/bin
PATH: /nix/store/lmi2nqb1cfzr3ps2zkq97q88zzkhp4mj-patch-2.7.6/bin
PATH: /nix/store/y04xj2mbc66zs53fackn1wwlrv31bv3y-xz-5.2.4-bin/bin
PATH: /home/emssej/bin
PATH: /run/wrappers/bin
PATH: /home/emssej/.nix-profile/bin
PATH: /etc/profiles/per-user/emssej/bin
PATH: /nix/var/nix/profiles/default/bin
PATH: /run/current-system/sw/bin


## ----------- ##
## Core tests. ##
## ----------- ##

configure:1831: checking for a BSD-compatible install
configure:1899: result: /nix/store/9v78r3afqy9xn9zwdj9wfys6sk3vc01d-coreutils-8.31/bin/install -c
configure:1910: checking whether build environment is sane
configure:1965: result: yes
configure:2116: checking for a thread-safe mkdir -p
configure:2155: result: /nix/store/9v78r3afqy9xn9zwdj9wfys6sk3vc01d-coreutils-8.31/bin/mkdir -p
configure:2162: checking for gawk
configure:2178: found /nix/store/84yafwjc6sga23vwsbahhymikjhfbnw4-gawk-5.0.1/bin/gawk
configure:2189: result: gawk
configure:2200: checking whether make sets $(MAKE)
configure:2222: result: yes
configure:2251: checking whether make supports nested variables
configure:2268: result: yes
configure:2506: checking for C++ compiler version
configure:2515: g++ --version >&5
g++ (GCC) 8.3.0
Copyright (C) 2018 Free Software Foundation, Inc.
This is free software; see the source for copying conditions.  There is NO
warranty; not even for MERCHANTABILITY or FITNESS FOR A PARTICULAR PURPOSE.

configure:2526: $? = 0
configure:2515: g++ -v >&5
Using built-in specs.
COLLECT_GCC=/nix/store/62x7m20m7lm8y8s17cbgha0sf3cmma19-gcc-8.3.0/bin/g++
COLLECT_LTO_WRAPPER=/nix/store/62x7m20m7lm8y8s17cbgha0sf3cmma19-gcc-8.3.0/libexec/gcc/x86_64-unknown-linux-gnu/8.3.0/lto-wrapper
Target: x86_64-unknown-linux-gnu
Configured with: 
Thread model: posix
gcc version 8.3.0 (GCC) 
configure:2526: $? = 0
configure:2515: g++ -V >&5
g++: error: unrecognized command line option '-V'
g++: fatal error: no input files
compilation terminated.
configure:2526: $? = 1
configure:2515: g++ -qversion >&5
g++: error: unrecognized command line option '-qversion'; did you mean '--version'?
g++: fatal error: no input files
compilation terminated.
configure:2526: $? = 1
configure:2546: checking whether the C++ compiler works
configure:2568: g++    conftest.cpp  >&5
configure:2572: $? = 0
configure:2620: result: yes
configure:2623: checking for C++ compiler default output file name
configure:2625: result: a.out
configure:2631: checking for suffix of executables
configure:2638: g++ -o conftest    conftest.cpp  >&5
configure:2642: $? = 0
configure:2664: result: 
configure:2686: checking whether we are cross compiling
configure:2694: g++ -o conftest    conftest.cpp  >&5
configure:2698: $? = 0
configure:2705: ./conftest
configure:2709: $? = 0
configure:2724: result: no
configure:2729: checking for suffix of object files
configure:2751: g++ -c   conftest.cpp >&5
configure:2755: $? = 0
configure:2776: result: o
configure:2780: checking whether we are using the GNU C++ compiler
configure:2799: g++ -c   conftest.cpp >&5
configure:2799: $? = 0
configure:2808: result: yes
configure:2817: checking whether g++ accepts -g
configure:2837: g++ -c -g  conftest.cpp >&5
configure:2837: $? = 0
configure:2878: result: yes
configure:2904: checking whether make supports the include directive
configure:2919: make -f confmf.GNU && cat confinc.out
this is the am__doit target
configure:2922: $? = 0
configure:2941: result: yes (GNU style)
configure:2966: checking dependency style of g++
configure:3077: result: gcc3
configure:3205: checking that generated files are newer than configure
configure:3211: result: done
configure:3234: creating ./config.status

## ---------------------- ##
## Running config.status. ##
## ---------------------- ##

This file was extended by mankind config.status 1.0, which was
generated by GNU Autoconf 2.69.  Invocation command line was

  CONFIG_FILES    = 
  CONFIG_HEADERS  = 
  CONFIG_LINKS    = 
  CONFIG_COMMANDS = 
  $ ./config.status 

on Komputer-Emila

config.status:840: creating Makefile
config.status:840: creating src/Makefile
config.status:840: creating config.h
config.status:1021: config.h is unchanged
config.status:1069: executing depfiles commands
config.status:1146: cd src       && sed -e '/# am--include-marker/d' Makefile         | make -f - am--depfiles
make: Nothing to be done for 'am--depfiles'.
config.status:1151: $? = 0

## ---------------- ##
## Cache variables. ##
## ---------------- ##

ac_cv_cxx_compiler_gnu=yes
ac_cv_env_CCC_set=
ac_cv_env_CCC_value=
ac_cv_env_CPPFLAGS_set=
ac_cv_env_CPPFLAGS_value=
ac_cv_env_CXXFLAGS_set=
ac_cv_env_CXXFLAGS_value=
ac_cv_env_CXX_set=set
ac_cv_env_CXX_value=g++
ac_cv_env_LDFLAGS_set=
ac_cv_env_LDFLAGS_value=
ac_cv_env_LIBS_set=
ac_cv_env_LIBS_value=
ac_cv_env_build_alias_set=
ac_cv_env_build_alias_value=
ac_cv_env_host_alias_set=
ac_cv_env_host_alias_value=
ac_cv_env_target_alias_set=
ac_cv_env_target_alias_value=
ac_cv_objext=o
ac_cv_path_install='/nix/store/9v78r3afqy9xn9zwdj9wfys6sk3vc01d-coreutils-8.31/bin/install -c'
ac_cv_path_mkdir=/nix/store/9v78r3afqy9xn9zwdj9wfys6sk3vc01d-coreutils-8.31/bin/mkdir
ac_cv_prog_AWK=gawk
ac_cv_prog_cxx_g=yes
ac_cv_prog_make_make_set=yes
am_cv_CXX_dependencies_compiler_type=gcc3
am_cv_make_support_nested_variables=yes

## ----------------- ##
## Output variables. ##
## ----------------- ##

ACLOCAL='${SHELL} /home/emssej/Dokumenty/Programowanie/Mankind/missing aclocal-1.16'
AMDEPBACKSLASH='\'
AMDEP_FALSE='#'
AMDEP_TRUE=''
AMTAR='$${TAR-tar}'
AM_BACKSLASH='\'
AM_DEFAULT_V='$(AM_DEFAULT_VERBOSITY)'
AM_DEFAULT_VERBOSITY='1'
AM_V='$(V)'
AUTOCONF='${SHELL} /home/emssej/Dokumenty/Programowanie/Mankind/missing autoconf'
AUTOHEADER='${SHELL} /home/emssej/Dokumenty/Programowanie/Mankind/missing autoheader'
AUTOMAKE='${SHELL} /home/emssej/Dokumenty/Programowanie/Mankind/missing automake-1.16'
AWK='gawk'
CPPFLAGS=''
CXX='g++'
CXXDEPMODE='depmode=gcc3'
CXXFLAGS='-g -O2'
CYGPATH_W='echo'
DEFS='-DHAVE_CONFIG_H'
DEPDIR='.deps'
ECHO_C=''
ECHO_N='-n'
ECHO_T=''
EXEEXT=''
INSTALL_DATA='${INSTALL} -m 644'
INSTALL_PROGRAM='${INSTALL}'
INSTALL_SCRIPT='${INSTALL}'
INSTALL_STRIP_PROGRAM='$(install_sh) -c -s'
LDFLAGS=''
LIBOBJS=''
LIBS=''
LTLIBOBJS=''
MAKEINFO='${SHELL} /home/emssej/Dokumenty/Programowanie/Mankind/missing makeinfo'
MKDIR_P='/nix/store/9v78r3afqy9xn9zwdj9wfys6sk3vc01d-coreutils-8.31/bin/mkdir -p'
OBJEXT='o'
PACKAGE='mankind'
PACKAGE_BUGREPORT='bug@k00l.net'
PACKAGE_NAME='mankind'
PACKAGE_STRING='mankind 1.0'
PACKAGE_TARNAME='mankind'
PACKAGE_URL=''
PACKAGE_VERSION='1.0'
PATH_SEPARATOR=':'
SET_MAKE=''
SHELL='/nix/store/rm1hz1lybxangc8sdl7xvzs5dcvigvf7-bash-4.4-p23/bin/bash'
STRIP='strip'
VERSION='1.0'
ac_ct_CXX=''
am__EXEEXT_FALSE=''
am__EXEEXT_TRUE='#'
am__fastdepCXX_FALSE='#'
am__fastdepCXX_TRUE=''
am__include='include'
am__isrc=''
am__leading_dot='.'
am__nodep='_no'
am__quote=''
am__tar='$${TAR-tar} chof - "$$tardir"'
am__untar='$${TAR-tar} xf -'
bindir='${exec_prefix}/bin'
build_alias=''
datadir='${datarootdir}'
datarootdir='${prefix}/share'
docdir='${datarootdir}/doc/${PACKAGE_TARNAME}'
dvidir='${docdir}'
exec_prefix='${prefix}'
host_alias=''
htmldir='${docdir}'
includedir='${prefix}/include'
infodir='${datarootdir}/info'
install_sh='${SHELL} /home/emssej/Dokumenty/Programowanie/Mankind/install-sh'
libdir='${exec_prefix}/lib'
libexecdir='${exec_prefix}/libexec'
localedir='${datarootdir}/locale'
localstatedir='${prefix}/var'
mandir='${datarootdir}/man'
mkdir_p='$(MKDIR_P)'
oldincludedir='/usr/include'
pdfdir='${docdir}'
prefix='/usr/local'
program_transform_name='s,x,x,'
psdir='${docdir}'
sbindir='${exec_prefix}/sbin'
sharedstatedir='${prefix}/com'
sysconfdir='${prefix}/etc'
target_alias=''

## ----------- ##
## confdefs.h. ##
## ----------- ##

/* confdefs.h */
#define PACKAGE_NAME "mankind"
#define PACKAGE_TARNAME "mankind"
#define PACKAGE_VERSION "1.0"
#define PACKAGE_STRING "mankind 1.0"
#define PACKAGE_BUGREPORT "bug@k00l.net"
#define PACKAGE_URL ""
#define PACKAGE "mankind"
#define VERSION "1.0"

configure: exit 0
